#
# A fatal error has been detected by the Java Runtime Environment:
#
#  EXCEPTION_ACCESS_VIOLATION (0xc0000005) at pc=0x00007ff8bc64e94f, pid=9264, tid=0x00000000000016a4
#
# JRE version: Java(TM) SE Runtime Environment (8.0_241-b07) (build 1.8.0_241-b07)
# Java VM: Java HotSpot(TM) 64-Bit Server VM (25.241-b07 mixed mode windows-amd64 compressed oops)
# Problematic frame:
# C  [CLIPSJNI.dll+0x1e94f]
#
# Failed to write core dump. Minidumps are not enabled by default on client versions of Windows
#
# If you would like to submit a bug report, please visit:
#   http://bugreport.java.com/bugreport/crash.jsp
# The crash happened outside the Java Virtual Machine in native code.
# See problematic frame for where to report the bug.
#

---------------  T H R E A D  ---------------

Current thread (0x000000001a44c800):  JavaThread "AWT-EventQueue-0" [_thread_in_native, id=5796, stack(0x000000001bdc0000,0x000000001bec0000)]

siginfo: ExceptionCode=0xc0000005, reading address 0x000000000000000c

Registers:
RAX=0x0000000000000000, RBX=0x0000000017a147f0, RCX=0x000000000129f940, RDX=0x000000001a44c9f8
RSP=0x000000001bebcb00, RBP=0x000000001bebcc00, RSI=0x00000000006b3ed9, RDI=0x0000000011f3f000
R8 =0x00000000012752d0, R9 =0x00000000000000de, R10=0x0000000002fa8c3b, R11=0x000000005aa1cfe0
R12=0x0000000000000000, R13=0x0000000017a147f0, R14=0x000000001bebcc30, R15=0x000000001a44c800
RIP=0x00007ff8bc64e94f, EFLAGS=0x0000000000010206

Top of Stack: (sp=0x000000001bebcb00)
0x000000001bebcb00:   0000000002ea7a50 000000001bebcba0
0x000000001bebcb10:   0000000000000000 0000000002ea7a50
0x000000001bebcb20:   000000001a44c9f8 00000000d657ee08
0x000000001bebcb30:   0000000017725248 00007ff8bc6e0481
0x000000001bebcb40:   00000000012752d0 000000001a44c9f8
0x000000001bebcb50:   000000001bebcc48 000000005aa29af4
0x000000001bebcb60:   000000001a44c9f8 000000001bebcbb0
0x000000001bebcb70:   000000001bebcc38 0000000002fa8c67
0x000000001bebcb80:   000000001a44c9f8 000000001bebcc30
0x000000001bebcb90:   00000000012752d0 0000000002f97b00
0x000000001bebcba0:   000000e000000001 0000000017488b28
0x000000001bebcbb0:   0000000000000012 000000001a44c800
0x000000001bebcbc0:   000000001bebcbc0 0000000000000000
0x000000001bebcbd0:   000000001bebcc30 0000000017a171b8
0x000000001bebcbe0:   0000000000000000 0000000017a147f0
0x000000001bebcbf0:   0000000000000000 000000001bebcc20 

Instructions: (pc=0x00007ff8bc64e94f)
0x00007ff8bc64e92f:   cc 48 89 4c 24 08 48 83 ec 38 b8 08 00 00 00 48
0x00007ff8bc64e93f:   6b c0 2a 48 8b 4c 24 40 48 8b 49 28 48 8b 04 01
0x00007ff8bc64e94f:   83 78 0c 00 74 05 e9 6a 02 00 00 b8 08 00 00 00
0x00007ff8bc64e95f:   48 6b c0 2a 48 8b 4c 24 40 48 8b 49 28 48 8b 04 


Register to memory mapping:

RAX=0x0000000000000000 is an unknown value
RBX={method} {0x0000000017a147f8} 'reset' '(J)V' in 'net/sf/clipsrules/jni/Environment'
RCX=0x000000000129f940 is an unknown value
RDX=0x000000001a44c9f8 is an unknown value
RSP=0x000000001bebcb00 is pointing into the stack for thread: 0x000000001a44c800
RBP=0x000000001bebcc00 is pointing into the stack for thread: 0x000000001a44c800
RSI=0x00000000006b3ed9 is an unknown value
RDI=0x0000000011f3f000 is an unknown value
R8 =0x00000000012752d0 is an unknown value
R9 =0x00000000000000de is an unknown value
R10=0x0000000002fa8c3b is at code_begin+891 in an Interpreter codelet
method entry point (kind = native)  [0x0000000002fa88c0, 0x0000000002fa9280]  2496 bytes
R11=0x000000005aa1cfe0 is an unknown value
R12=0x0000000000000000 is an unknown value
R13={method} {0x0000000017a147f8} 'reset' '(J)V' in 'net/sf/clipsrules/jni/Environment'
R14=0x000000001bebcc30 is pointing into the stack for thread: 0x000000001a44c800
R15=0x000000001a44c800 is a thread


Stack: [0x000000001bdc0000,0x000000001bec0000],  sp=0x000000001bebcb00,  free space=1010k
Native frames: (J=compiled Java code, j=interpreted, Vv=VM code, C=native code)
C  [CLIPSJNI.dll+0x1e94f]
C  [CLIPSJNI.dll+0xb0481]
C  0x0000000002fa8c67

Java frames: (J=compiled Java code, j=interpreted, Vv=VM code)
j  net.sf.clipsrules.jni.Environment.reset(J)V+0
j  net.sf.clipsrules.jni.Environment.reset()V+5
j  clipsapp.Form.jButton1ActionPerformed(Ljava/awt/event/ActionEvent;)V+4
j  clipsapp.Form.access$000(Lclipsapp/Form;Ljava/awt/event/ActionEvent;)V+2
j  clipsapp.Form$1.actionPerformed(Ljava/awt/event/ActionEvent;)V+5
j  javax.swing.AbstractButton.fireActionPerformed(Ljava/awt/event/ActionEvent;)V+83
j  javax.swing.AbstractButton$Handler.actionPerformed(Ljava/awt/event/ActionEvent;)V+5
j  javax.swing.DefaultButtonModel.fireActionPerformed(Ljava/awt/event/ActionEvent;)V+34
j  javax.swing.DefaultButtonModel.setPressed(Z)V+117
j  javax.swing.plaf.basic.BasicButtonListener.mouseReleased(Ljava/awt/event/MouseEvent;)V+35
j  java.awt.Component.processMouseEvent(Ljava/awt/event/MouseEvent;)V+64
j  javax.swing.JComponent.processMouseEvent(Ljava/awt/event/MouseEvent;)V+23
j  java.awt.Component.processEvent(Ljava/awt/AWTEvent;)V+81
j  java.awt.Container.processEvent(Ljava/awt/AWTEvent;)V+18
J 552 C1 java.awt.Component.dispatchEventImpl(Ljava/awt/AWTEvent;)V (921 bytes) @ 0x00000000031fae74 [0x00000000031f5980+0x54f4]
J 501 C1 java.awt.Container.dispatchEventImpl(Ljava/awt/AWTEvent;)V (129 bytes) @ 0x00000000031a2044 [0x00000000031a1f00+0x144]
J 618 C1 java.awt.Component.dispatchEvent(Ljava/awt/AWTEvent;)V (6 bytes) @ 0x0000000003221944 [0x0000000003221840+0x104]
j  java.awt.LightweightDispatcher.retargetMouseEvent(Ljava/awt/Component;ILjava/awt/event/MouseEvent;)V+349
J 528 C1 java.awt.LightweightDispatcher.processMouseEvent(Ljava/awt/event/MouseEvent;)Z (286 bytes) @ 0x00000000031dcbac [0x00000000031db480+0x172c]
J 553 C1 java.awt.LightweightDispatcher.dispatchEvent(Ljava/awt/AWTEvent;)Z (73 bytes) @ 0x000000000320203c [0x0000000003201c00+0x43c]
J 501 C1 java.awt.Container.dispatchEventImpl(Ljava/awt/AWTEvent;)V (129 bytes) @ 0x00000000031a1fe4 [0x00000000031a1f00+0xe4]
J 568 C1 java.awt.Window.dispatchEventImpl(Ljava/awt/AWTEvent;)V (23 bytes) @ 0x000000000320b824 [0x000000000320b240+0x5e4]
J 485 C1 java.awt.EventQueue.dispatchEventImpl(Ljava/awt/AWTEvent;Ljava/lang/Object;)V (149 bytes) @ 0x00000000031987bc [0x0000000003196f80+0x183c]
J 483 C1 java.awt.EventQueue$3.run()Ljava/lang/Void; (60 bytes) @ 0x000000000319638c [0x0000000003196180+0x20c]
J 482 C1 java.awt.EventQueue$3.run()Ljava/lang/Object; (5 bytes) @ 0x0000000003195e0c [0x0000000003195d80+0x8c]
v  ~StubRoutines::call_stub
J 420  java.security.AccessController.doPrivileged(Ljava/security/PrivilegedAction;Ljava/security/AccessControlContext;)Ljava/lang/Object; (0 bytes) @ 0x000000000316fce6 [0x000000000316fc80+0x66]
J 561 C1 java.awt.EventQueue$4.run()Ljava/lang/Object; (5 bytes) @ 0x0000000003203d6c [0x0000000003203940+0x42c]
v  ~StubRoutines::call_stub
J 420  java.security.AccessController.doPrivileged(Ljava/security/PrivilegedAction;Ljava/security/AccessControlContext;)Ljava/lang/Object; (0 bytes) @ 0x000000000316fce6 [0x000000000316fc80+0x66]
J 442 C1 java.awt.EventQueue.dispatchEvent(Ljava/awt/AWTEvent;)V (80 bytes) @ 0x000000000317afbc [0x000000000317a140+0xe7c]
J 448 C1 java.awt.EventDispatchThread.pumpOneEventForFilters(I)V (190 bytes) @ 0x0000000003183b4c [0x0000000003182a00+0x114c]
j  java.awt.EventDispatchThread.pumpEventsForFilter(ILjava/awt/Conditional;Ljava/awt/EventFilter;)V+35
j  java.awt.EventDispatchThread.pumpEventsForHierarchy(ILjava/awt/Conditional;Ljava/awt/Component;)V+11
j  java.awt.EventDispatchThread.pumpEvents(ILjava/awt/Conditional;)V+4
j  java.awt.EventDispatchThread.pumpEvents(Ljava/awt/Conditional;)V+3
j  java.awt.EventDispatchThread.run()V+9
v  ~StubRoutines::call_stub

---------------  P R O C E S S  ---------------

Java Threads: ( => current thread )
  0x000000001a915000 JavaThread "TimerQueue" daemon [_thread_blocked, id=2716, stack(0x000000001d100000,0x000000001d200000)]
  0x0000000002e92800 JavaThread "DestroyJavaVM" [_thread_blocked, id=3848, stack(0x0000000002d60000,0x0000000002e60000)]
=>0x000000001a44c800 JavaThread "AWT-EventQueue-0" [_thread_in_native, id=5796, stack(0x000000001bdc0000,0x000000001bec0000)]
  0x000000001a026000 JavaThread "AWT-Windows" daemon [_thread_in_native, id=4432, stack(0x000000001adf0000,0x000000001aef0000)]
  0x000000001a023800 JavaThread "AWT-Shutdown" [_thread_blocked, id=10832, stack(0x000000001acf0000,0x000000001adf0000)]
  0x000000001a023000 JavaThread "Java2D Disposer" daemon [_thread_blocked, id=12060, stack(0x000000001abb0000,0x000000001acb0000)]
  0x0000000019cb9800 JavaThread "Service Thread" daemon [_thread_blocked, id=4296, stack(0x000000001a040000,0x000000001a140000)]
  0x0000000017cb4800 JavaThread "C1 CompilerThread2" daemon [_thread_blocked, id=10880, stack(0x0000000019b40000,0x0000000019c40000)]
  0x0000000017cb3000 JavaThread "C2 CompilerThread1" daemon [_thread_blocked, id=11688, stack(0x0000000019a40000,0x0000000019b40000)]
  0x0000000017cb1000 JavaThread "C2 CompilerThread0" daemon [_thread_blocked, id=12100, stack(0x0000000019940000,0x0000000019a40000)]
  0x0000000017cad000 JavaThread "Attach Listener" daemon [_thread_blocked, id=9972, stack(0x0000000019840000,0x0000000019940000)]
  0x0000000017caa800 JavaThread "Signal Dispatcher" daemon [_thread_blocked, id=5048, stack(0x0000000019740000,0x0000000019840000)]
  0x0000000002f8d000 JavaThread "Finalizer" daemon [_thread_blocked, id=8440, stack(0x0000000019520000,0x0000000019620000)]
  0x0000000017c8c000 JavaThread "Reference Handler" daemon [_thread_blocked, id=7224, stack(0x0000000019420000,0x0000000019520000)]

Other Threads:
  0x0000000017c68000 VMThread [stack: 0x0000000019320000,0x0000000019420000] [id=8424]
  0x0000000019ccd000 WatcherThread [stack: 0x000000001a2b0000,0x000000001a3b0000] [id=11640]

VM state:not at safepoint (normal execution)

VM Mutex/Monitor currently owned by a thread: None

heap address: 0x0000000082200000, size: 2014 MB, Compressed Oops mode: 32-bit
Narrow klass base: 0x0000000000000000, Narrow klass shift: 3
Compressed class space size: 1073741824 Address: 0x0000000100000000

Heap:
 PSYoungGen      total 37888K, used 7865K [0x00000000d6100000, 0x00000000d8b00000, 0x0000000100000000)
  eden space 32768K, 24% used [0x00000000d6100000,0x00000000d68ae478,0x00000000d8100000)
  from space 5120K, 0% used [0x00000000d8600000,0x00000000d8600000,0x00000000d8b00000)
  to   space 5120K, 0% used [0x00000000d8100000,0x00000000d8100000,0x00000000d8600000)
 ParOldGen       total 86016K, used 0K [0x0000000082200000, 0x0000000087600000, 0x00000000d6100000)
  object space 86016K, 0% used [0x0000000082200000,0x0000000082200000,0x0000000087600000)
 Metaspace       used 9607K, capacity 9814K, committed 9984K, reserved 1058816K
  class space    used 1149K, capacity 1221K, committed 1280K, reserved 1048576K

Card table byte_map: [0x0000000012350000,0x0000000012740000] byte_map_base: 0x0000000011f3f000

Marking Bits: (ParMarkBitMap*) 0x000000005b01be30
 Begin Bits: [0x0000000012fe0000, 0x0000000014f58000)
 End Bits:   [0x0000000014f58000, 0x0000000016ed0000)

Polling page: 0x0000000002cd0000

CodeCache: size=245760Kb used=2655Kb max_used=2659Kb free=243104Kb
 bounds [0x0000000002f90000, 0x0000000003230000, 0x0000000011f90000]
 total_blobs=1080 nmethods=630 adapters=363
 compilation: enabled

Compilation events (10 events):
Event: 3.959 Thread 0x0000000017cb4800 nmethod 625 0x0000000003224290 code [0x00000000032243e0, 0x00000000032245d0]
Event: 3.959 Thread 0x0000000017cb4800  626       1       sun.util.locale.StringTokenIterator::current (5 bytes)
Event: 3.959 Thread 0x0000000017cb4800 nmethod 626 0x0000000003220a50 code [0x0000000003220ba0, 0x0000000003220cb0]
Event: 3.959 Thread 0x0000000017cb4800  627       1       javax.swing.RepaintManager::isDoubleBufferingEnabled (5 bytes)
Event: 3.960 Thread 0x0000000017cb4800 nmethod 627 0x0000000003223fd0 code [0x0000000003224120, 0x0000000003224230]
Event: 3.960 Thread 0x0000000017cb4800  628   !   3       javax.swing.UIManager::getLAFState (62 bytes)
Event: 3.960 Thread 0x0000000017cb4800 nmethod 628 0x000000000322a610 code [0x000000000322a820, 0x000000000322b228]
Event: 3.960 Thread 0x0000000017cb4800  629       3       sun.java2d.SurfaceData::markDirty (8 bytes)
Event: 3.960 Thread 0x0000000017cb4800 nmethod 629 0x0000000003223b50 code [0x0000000003223cc0, 0x0000000003223f10]
Event: 4.042 Thread 0x0000000017cb4800  630       3       java.awt.event.InputEvent::getWhen (5 bytes)

GC Heap History (0 events):
No events

Deoptimization events (5 events):
Event: 0.165 Thread 0x0000000002e92800 Uncommon trap: reason=null_check action=make_not_entrant pc=0x00000000030feae0 method=java.lang.String.equals(Ljava/lang/Object;)Z @ 8
Event: 0.242 Thread 0x0000000002e92800 Uncommon trap: reason=class_check action=maybe_recompile pc=0x0000000003119520 method=java.lang.String.equals(Ljava/lang/Object;)Z @ 8
Event: 0.249 Thread 0x0000000002e92800 Uncommon trap: reason=class_check action=maybe_recompile pc=0x0000000003119520 method=java.lang.String.equals(Ljava/lang/Object;)Z @ 8
Event: 0.292 Thread 0x000000001a44c800 Uncommon trap: reason=class_check action=maybe_recompile pc=0x0000000003119520 method=java.lang.String.equals(Ljava/lang/Object;)Z @ 8
Event: 0.294 Thread 0x000000001a44c800 Uncommon trap: reason=class_check action=maybe_recompile pc=0x0000000003119520 method=java.lang.String.equals(Ljava/lang/Object;)Z @ 8

Classes redefined (0 events):
No events

Internal exceptions (10 events):
Event: 0.056 Thread 0x0000000002e92800 Exception <a 'java/io/FileNotFoundException'> (0x00000000d6157730) thrown at [C:\ade\jenkins\workspace\8-2-build-windows-amd64-cygwin\jdk8u241\331\hotspot\src\share\vm\prims\jni.cpp, line 710]
Event: 0.080 Thread 0x0000000002e92800 Exception <a 'java/security/PrivilegedActionException'> (0x00000000d618e2c0) thrown at [C:\ade\jenkins\workspace\8-2-build-windows-amd64-cygwin\jdk8u241\331\hotspot\src\share\vm\prims\jvm.cpp, line 1502]
Event: 0.080 Thread 0x0000000002e92800 Exception <a 'java/security/PrivilegedActionException'> (0x00000000d618e4d0) thrown at [C:\ade\jenkins\workspace\8-2-build-windows-amd64-cygwin\jdk8u241\331\hotspot\src\share\vm\prims\jvm.cpp, line 1502]
Event: 0.080 Thread 0x0000000002e92800 Exception <a 'java/security/PrivilegedActionException'> (0x00000000d61923e0) thrown at [C:\ade\jenkins\workspace\8-2-build-windows-amd64-cygwin\jdk8u241\331\hotspot\src\share\vm\prims\jvm.cpp, line 1502]
Event: 0.080 Thread 0x0000000002e92800 Exception <a 'java/security/PrivilegedActionException'> (0x00000000d61925f0) thrown at [C:\ade\jenkins\workspace\8-2-build-windows-amd64-cygwin\jdk8u241\331\hotspot\src\share\vm\prims\jvm.cpp, line 1502]
Event: 0.086 Thread 0x0000000002e92800 Exception <a 'java/io/FileNotFoundException'> (0x00000000d6198250) thrown at [C:\ade\jenkins\workspace\8-2-build-windows-amd64-cygwin\jdk8u241\331\hotspot\src\share\vm\prims\jni.cpp, line 710]
Event: 0.109 Thread 0x0000000002e92800 Exception <a 'java/lang/NoSuchFieldError': method resolution failed> (0x00000000d630cbe0) thrown at [C:\ade\jenkins\workspace\8-2-build-windows-amd64-cygwin\jdk8u241\331\hotspot\src\share\vm\prims\methodHandles.cpp, line 1167]
Event: 0.110 Thread 0x0000000002e92800 Exception <a 'java/lang/NoSuchFieldError': method resolution failed> (0x00000000d6319f30) thrown at [C:\ade\jenkins\workspace\8-2-build-windows-amd64-cygwin\jdk8u241\331\hotspot\src\share\vm\prims\methodHandles.cpp, line 1167]
Event: 0.139 Thread 0x0000000002e92800 Exception <a 'java/io/FileNotFoundException'> (0x00000000d63b58d8) thrown at [C:\ade\jenkins\workspace\8-2-build-windows-amd64-cygwin\jdk8u241\331\hotspot\src\share\vm\prims\jni.cpp, line 710]
Event: 0.165 Thread 0x0000000002e92800 Implicit null exception at 0x00000000030fe922 to 0x00000000030fead1

Events (10 events):
Event: 2.946 loading class java/util/concurrent/TimeUnit$5
Event: 2.946 loading class java/util/concurrent/TimeUnit$5 done
Event: 2.946 loading class java/util/concurrent/TimeUnit$6
Event: 2.946 loading class java/util/concurrent/TimeUnit$6 done
Event: 2.946 loading class java/util/concurrent/TimeUnit$7
Event: 2.946 loading class java/util/concurrent/TimeUnit$7 done
Event: 3.630 loading class java/awt/LightweightDispatcher$2
Event: 3.631 loading class java/awt/LightweightDispatcher$2 done
Event: 3.709 loading class javax/swing/Timer$1
Event: 3.709 loading class javax/swing/Timer$1 done


Dynamic libraries:
0x00007ff77b7b0000 - 0x00007ff77b7e7000 	C:\Program Files\Java\jdk1.8.0_241\bin\java.exe
0x00007ff8fdfe0000 - 0x00007ff8fe1d0000 	C:\Windows\SYSTEM32\ntdll.dll
0x00007ff8f6f20000 - 0x00007ff8f6f32000 	C:\Program Files\AVG\Antivirus\aswhook.dll
0x00007ff8fdee0000 - 0x00007ff8fdf92000 	C:\Windows\System32\KERNEL32.DLL
0x00007ff8fbce0000 - 0x00007ff8fbf84000 	C:\Windows\System32\KERNELBASE.dll
0x00007ff8fcd20000 - 0x00007ff8fcdc3000 	C:\Windows\System32\ADVAPI32.dll
0x00007ff8fd490000 - 0x00007ff8fd52e000 	C:\Windows\System32\msvcrt.dll
0x00007ff8fc850000 - 0x00007ff8fc8e7000 	C:\Windows\System32\sechost.dll
0x00007ff8fdb10000 - 0x00007ff8fdc30000 	C:\Windows\System32\RPCRT4.dll
0x00007ff8fce80000 - 0x00007ff8fd015000 	C:\Windows\System32\USER32.dll
0x00007ff8fb910000 - 0x00007ff8fb931000 	C:\Windows\System32\win32u.dll
0x00007ff8fdae0000 - 0x00007ff8fdb06000 	C:\Windows\System32\GDI32.dll
0x00007ff8fb710000 - 0x00007ff8fb8a6000 	C:\Windows\System32\gdi32full.dll
0x00007ff8fb940000 - 0x00007ff8fb9de000 	C:\Windows\System32\msvcp_win.dll
0x00007ff8fbf90000 - 0x00007ff8fc08a000 	C:\Windows\System32\ucrtbase.dll
0x00007ff8e2450000 - 0x00007ff8e26d4000 	C:\Windows\WinSxS\amd64_microsoft.windows.common-controls_6595b64144ccf1df_6.0.18362.1016_none_9e7a36bbe461dae4\COMCTL32.dll
0x00007ff8fc8f0000 - 0x00007ff8fcc25000 	C:\Windows\System32\combase.dll
0x00007ff8fbbb0000 - 0x00007ff8fbc30000 	C:\Windows\System32\bcryptPrimitives.dll
0x00007ff8fd680000 - 0x00007ff8fd6ae000 	C:\Windows\System32\IMM32.DLL
0x000000005a710000 - 0x000000005a7e2000 	C:\Program Files\Java\jdk1.8.0_241\jre\bin\msvcr100.dll
0x000000005a7f0000 - 0x000000005b09c000 	C:\Program Files\Java\jdk1.8.0_241\jre\bin\server\jvm.dll
0x00007ff8fded0000 - 0x00007ff8fded8000 	C:\Windows\System32\PSAPI.DLL
0x00007ff8e7340000 - 0x00007ff8e7349000 	C:\Windows\SYSTEM32\WSOCK32.dll
0x00007ff8fd7f0000 - 0x00007ff8fd85f000 	C:\Windows\System32\WS2_32.dll
0x00007ff8f5c00000 - 0x00007ff8f5c24000 	C:\Windows\SYSTEM32\WINMM.dll
0x00007ff8f6250000 - 0x00007ff8f625a000 	C:\Windows\SYSTEM32\VERSION.dll
0x00007ff8f5bd0000 - 0x00007ff8f5bfd000 	C:\Windows\SYSTEM32\WINMMBASE.dll
0x00007ff8fb9e0000 - 0x00007ff8fba2a000 	C:\Windows\System32\cfgmgr32.dll
0x00007ff8f6c20000 - 0x00007ff8f6c2f000 	C:\Program Files\Java\jdk1.8.0_241\jre\bin\verify.dll
0x00007ff8ea1f0000 - 0x00007ff8ea219000 	C:\Program Files\Java\jdk1.8.0_241\jre\bin\java.dll
0x00007ff8ec6d0000 - 0x00007ff8ec6e6000 	C:\Program Files\Java\jdk1.8.0_241\jre\bin\zip.dll
0x00007ff8fc160000 - 0x00007ff8fc847000 	C:\Windows\System32\SHELL32.dll
0x00007ff8fcdd0000 - 0x00007ff8fce79000 	C:\Windows\System32\shcore.dll
0x00007ff8faf80000 - 0x00007ff8fb702000 	C:\Windows\System32\windows.storage.dll
0x00007ff8faf30000 - 0x00007ff8faf53000 	C:\Windows\System32\profapi.dll
0x00007ff8faea0000 - 0x00007ff8faeea000 	C:\Windows\System32\powrprof.dll
0x00007ff8fae90000 - 0x00007ff8faea0000 	C:\Windows\System32\UMPDC.dll
0x00007ff8fda80000 - 0x00007ff8fdad2000 	C:\Windows\System32\shlwapi.dll
0x00007ff8faef0000 - 0x00007ff8faf01000 	C:\Windows\System32\kernel.appcore.dll
0x00007ff8faf60000 - 0x00007ff8faf77000 	C:\Windows\System32\cryptsp.dll
0x00007ff8ce8c0000 - 0x00007ff8cea5a000 	C:\Program Files\Java\jdk1.8.0_241\jre\bin\awt.dll
0x00007ff8fc090000 - 0x00007ff8fc155000 	C:\Windows\System32\OLEAUT32.dll
0x00007ff8f8ca0000 - 0x00007ff8f8d2f000 	C:\Windows\SYSTEM32\apphelp.dll
0x00007ff8f8f50000 - 0x00007ff8f8f7d000 	C:\Windows\system32\DWMAPI.DLL
0x00007ff8f8e60000 - 0x00007ff8f8ef9000 	C:\Windows\system32\uxtheme.dll
0x00007ff8d09a0000 - 0x00007ff8d0af6000 	C:\Windows\system32\opengl32.dll
0x00007ff8dd3b0000 - 0x00007ff8dd3dc000 	C:\Windows\SYSTEM32\GLU32.dll
0x00007ff8f9ab0000 - 0x00007ff8f9ad0000 	C:\Windows\SYSTEM32\dxcore.dll
0x00007ff8fdc30000 - 0x00007ff8fdd65000 	C:\Windows\System32\MSCTF.dll
0x00007ff8fdd70000 - 0x00007ff8fdec7000 	C:\Windows\System32\ole32.dll
0x00007ff8ddbd0000 - 0x00007ff8ddc19000 	C:\Program Files\Java\jdk1.8.0_241\jre\bin\fontmanager.dll
0x00007ff8e8680000 - 0x00007ff8e869a000 	C:\Program Files\Java\jdk1.8.0_241\jre\bin\net.dll
0x00007ff8fa6a0000 - 0x00007ff8fa707000 	C:\Windows\system32\mswsock.dll
0x00007ff8e78b0000 - 0x00007ff8e78c2000 	C:\Program Files\Java\jdk1.8.0_241\jre\bin\nio.dll
0x00007ff8ddb80000 - 0x00007ff8ddbc2000 	C:\Program Files\Java\jdk1.8.0_241\jre\bin\t2k.dll
0x00007ff8bc630000 - 0x00007ff8bc79f000 	C:\Users\Usuario\Documents\NetBeansProjects\ClipsApp\CLIPSJNI.dll
0x00007ff8e9ce0000 - 0x00007ff8e9d7e000 	C:\Windows\System32\TextInputFramework.dll
0x00007ff8f4a70000 - 0x00007ff8f4d9a000 	C:\Windows\System32\CoreUIComponents.dll
0x00007ff8f8720000 - 0x00007ff8f87f4000 	C:\Windows\System32\CoreMessaging.dll
0x00007ff8f9ea0000 - 0x00007ff8f9ed1000 	C:\Windows\SYSTEM32\ntmarta.dll
0x00007ff8f6dc0000 - 0x00007ff8f6f13000 	C:\Windows\SYSTEM32\wintypes.dll
0x00007ff8e87b0000 - 0x00007ff8e8a56000 	C:\Windows\System32\iertutil.dll
0x00007ff8f5210000 - 0x00007ff8f5404000 	C:\Windows\SYSTEM32\dbghelp.dll

VM Arguments:
jvm_args: -Dfile.encoding=UTF-8 
java_command: clipsapp.ClipsApp
java_class_path (initial): C:\Users\Usuario\Documents\NetBeansProjects\ClipsApp\CLIPSJNI.jar;C:\Program Files\NetBeans 8.2\java\modules\ext\AbsoluteLayout.jar;C:\Users\Usuario\Documents\NetBeansProjects\ClipsApp\build\classes
Launcher Type: SUN_STANDARD

Environment Variables:
CLASSPATH=.;D:\LINGO64_18\Lingo18.jar;C:\Program Files (x86)\QuickTime\QTSystem\QTJava.zip
PATH=C:\Program Files (x86)\Common Files\Intel\Shared Files\cpp\bin\Intel64;C:\Program Files (x86)\Common Files\Oracle\Java\javapath;C:\Windows\system32;C:\Windows;C:\Windows\System32\Wbem;C:\Windows\System32\WindowsPowerShell\v1.0\;C:\Windows\System32\OpenSSH\;C:\Program Files\Microsoft SQL Server\Client SDK\ODBC\170\Tools\Binn\;C:\Program Files (x86)\Microsoft SQL Server\150\Tools\Binn\;C:\Program Files\Microsoft SQL Server\150\Tools\Binn\;C:\Program Files\Microsoft SQL Server\150\DTS\Binn\;C:\Program Files (x86)\Microsoft SQL Server\150\DTS\Binn\;C:\Program Files\Microsoft SQL Server\130\Tools\Binn\;D:\LINGO64_18\;C:\Program Files (x86)\QuickTime\QTSystem\;C:\Program Files (x86)\Microsoft SQL Server\120\Tools\Binn\ManagementStudio\;C:\Program Files (x86)\Microsoft SQL Server\120\Tools\Binn\;C:\Program Files (x86)\Microsoft Visual Studio 12.0\Common7\IDE\PrivateAssemblies\;C:\Program Files (x86)\Microsoft SQL Server\120\DTS\Binn\;C:\xampp\php;C:\ProgramData\ComposerSetup\bin;C:\Program Files\Git\cmd;C:\Program Files\nodejs\;C:\Program Files\dotnet\;C:\Program Files\Docker\Docker\resources\bin;C:\ProgramData\DockerDesktop\version-bin;C:\Users\Usuario\AppData\Local\Programs\Python\Python39\Scripts\;C:\Users\Usuario\AppData\Local\Programs\Python\Python39\;C:\Users\Usuario\AppData\Local\Microsoft\WindowsApps;C:\Users\Usuario\AppData\Roaming\Composer\vendor\bin;C:\Users\Usuario\AppData\Local\Programs\Microsoft VS Code\bin;C:\Users\Usuario\AppData\Roaming\npm;C:\Users\Usuario\.dotnet\tools
USERNAME=Usuario
OS=Windows_NT
PROCESSOR_IDENTIFIER=Intel64 Family 6 Model 158 Stepping 10, GenuineIntel



---------------  S Y S T E M  ---------------

OS: Windows 10.0 , 64 bit Build 18362 (10.0.18362.959)

CPU:total 6 (initial active 6) (6 cores per cpu, 1 threads per core) family 6 model 158 stepping 10, cmov, cx8, fxsr, mmx, sse, sse2, sse3, ssse3, sse4.1, sse4.2, popcnt, avx, avx2, aes, clmul, erms, 3dnowpref, lzcnt, tsc, tscinvbit, bmi1, bmi2, adx

Memory: 4k page, physical 8248168k(870780k free), swap 11227572k(1886520k free)

vm_info: Java HotSpot(TM) 64-Bit Server VM (25.241-b07) for windows-amd64 JRE (1.8.0_241-b07), built on Dec 11 2019 10:21:40 by "rejava" with MS VC++ 10.0 (VS2010)

time: Mon Nov 30 12:12:00 2020
timezone: Hora est. Pacífico, Sudamérica
elapsed time: 4 seconds (0d 0h 0m 4s)

