#
# A fatal error has been detected by the Java Runtime Environment:
#
#  EXCEPTION_ACCESS_VIOLATION (0xc0000005) at pc=0x00007ffb0a2ae94f, pid=11872, tid=0x0000000000002438
#
# JRE version: Java(TM) SE Runtime Environment (8.0_241-b07) (build 1.8.0_241-b07)
# Java VM: Java HotSpot(TM) 64-Bit Server VM (25.241-b07 mixed mode windows-amd64 compressed oops)
# Problematic frame:
# C  [CLIPSJNI.dll+0x1e94f]
#
# Failed to write core dump. Minidumps are not enabled by default on client versions of Windows
#
# If you would like to submit a bug report, please visit:
#   http://bugreport.java.com/bugreport/crash.jsp
# The crash happened outside the Java Virtual Machine in native code.
# See problematic frame for where to report the bug.
#

---------------  T H R E A D  ---------------

Current thread (0x000000001a255800):  JavaThread "AWT-EventQueue-0" [_thread_in_native, id=9272, stack(0x000000001bba0000,0x000000001bca0000)]

siginfo: ExceptionCode=0xc0000005, reading address 0x000000000000000c

Registers:
RAX=0x0000000000000000, RBX=0x00000000177a26b8, RCX=0x0000000001184210, RDX=0x000000001a2559f8
RSP=0x000000001bc9ce60, RBP=0x000000001bc9cf60, RSI=0x00000000006b408b, RDI=0x0000000011cdf000
R8 =0x000000000117ea00, R9 =0x00000000000000de, R10=0x0000000002d48c3b, R11=0x0000000056a7cfe0
R12=0x0000000000000000, R13=0x00000000177a26b8, R14=0x000000001bc9cf90, R15=0x000000001a255800
RIP=0x00007ffb0a2ae94f, EFLAGS=0x0000000000010206

Top of Stack: (sp=0x000000001bc9ce60)
0x000000001bc9ce60:   000000001bc9cf30 0000000002d3835d
0x000000001bc9ce70:   00000000d65679f8 00000000d6552b88
0x000000001bc9ce80:   000000001a2559f8 000000000000014a
0x000000001bc9ce90:   00000000000001a4 00007ffb0a340481
0x000000001bc9cea0:   000000000117ea00 000000001a2559f8
0x000000001bc9ceb0:   0000000000000000 00000000d654fe78
0x000000001bc9cec0:   000000001a2559f8 00000000d65818f8
0x000000001bc9ced0:   00000000d660b628 0000000002d48c67
0x000000001bc9cee0:   000000001a2559f8 000000001bc9cf90
0x000000001bc9cef0:   000000000117ea00 000000001752b000
0x000000001bc9cf00:   000000e000000001 0000000017228b28
0x000000001bc9cf10:   0000000000000012 000000001752b140
0x000000001bc9cf20:   000000001bc9cf20 0000000000000000
0x000000001bc9cf30:   000000001bc9cf90 00000000177a5080
0x000000001bc9cf40:   0000000000000000 00000000177a26b8
0x000000001bc9cf50:   0000000000000000 000000001bc9cf80 

Instructions: (pc=0x00007ffb0a2ae94f)
0x00007ffb0a2ae92f:   cc 48 89 4c 24 08 48 83 ec 38 b8 08 00 00 00 48
0x00007ffb0a2ae93f:   6b c0 2a 48 8b 4c 24 40 48 8b 49 28 48 8b 04 01
0x00007ffb0a2ae94f:   83 78 0c 00 74 05 e9 6a 02 00 00 b8 08 00 00 00
0x00007ffb0a2ae95f:   48 6b c0 2a 48 8b 4c 24 40 48 8b 49 28 48 8b 04 


Register to memory mapping:

RAX=0x0000000000000000 is an unknown value
RBX={method} {0x00000000177a26c0} 'reset' '(J)V' in 'net/sf/clipsrules/jni/Environment'
RCX=0x0000000001184210 is an unknown value
RDX=0x000000001a2559f8 is an unknown value
RSP=0x000000001bc9ce60 is pointing into the stack for thread: 0x000000001a255800
RBP=0x000000001bc9cf60 is pointing into the stack for thread: 0x000000001a255800
RSI=0x00000000006b408b is an unknown value
RDI=0x0000000011cdf000 is an unknown value
R8 =0x000000000117ea00 is an unknown value
R9 =0x00000000000000de is an unknown value
R10=0x0000000002d48c3b is at code_begin+891 in an Interpreter codelet
method entry point (kind = native)  [0x0000000002d488c0, 0x0000000002d49280]  2496 bytes
R11=0x0000000056a7cfe0 is an unknown value
R12=0x0000000000000000 is an unknown value
R13={method} {0x00000000177a26c0} 'reset' '(J)V' in 'net/sf/clipsrules/jni/Environment'
R14=0x000000001bc9cf90 is pointing into the stack for thread: 0x000000001a255800
R15=0x000000001a255800 is a thread


Stack: [0x000000001bba0000,0x000000001bca0000],  sp=0x000000001bc9ce60,  free space=1011k
Native frames: (J=compiled Java code, j=interpreted, Vv=VM code, C=native code)
C  [CLIPSJNI.dll+0x1e94f]
C  [CLIPSJNI.dll+0xb0481]
C  0x0000000002d48c67

Java frames: (J=compiled Java code, j=interpreted, Vv=VM code)
j  net.sf.clipsrules.jni.Environment.reset(J)V+0
j  net.sf.clipsrules.jni.Environment.reset()V+5
j  clipsapp.Form.jButton1ActionPerformed(Ljava/awt/event/ActionEvent;)V+4
j  clipsapp.Form.access$100(Lclipsapp/Form;Ljava/awt/event/ActionEvent;)V+2
j  clipsapp.Form$2.actionPerformed(Ljava/awt/event/ActionEvent;)V+5
j  javax.swing.AbstractButton.fireActionPerformed(Ljava/awt/event/ActionEvent;)V+83
j  javax.swing.AbstractButton$Handler.actionPerformed(Ljava/awt/event/ActionEvent;)V+5
j  javax.swing.DefaultButtonModel.fireActionPerformed(Ljava/awt/event/ActionEvent;)V+34
j  javax.swing.DefaultButtonModel.setPressed(Z)V+117
j  javax.swing.plaf.basic.BasicButtonListener.mouseReleased(Ljava/awt/event/MouseEvent;)V+35
j  java.awt.Component.processMouseEvent(Ljava/awt/event/MouseEvent;)V+64
j  javax.swing.JComponent.processMouseEvent(Ljava/awt/event/MouseEvent;)V+23
J 594 C1 java.awt.Component.processEvent(Ljava/awt/AWTEvent;)V (220 bytes) @ 0x0000000002f982e4 [0x0000000002f97dc0+0x524]
J 648 C1 java.awt.Container.processEvent(Ljava/awt/AWTEvent;)V (22 bytes) @ 0x0000000002fc7d4c [0x0000000002fc7a20+0x32c]
J 643 C1 java.awt.Component.dispatchEventImpl(Ljava/awt/AWTEvent;)V (921 bytes) @ 0x0000000002fbdc1c [0x0000000002fb8700+0x551c]
J 512 C1 java.awt.Container.dispatchEventImpl(Ljava/awt/AWTEvent;)V (129 bytes) @ 0x0000000002f3f204 [0x0000000002f3f0c0+0x144]
J 580 C1 java.awt.LightweightDispatcher.retargetMouseEvent(Ljava/awt/Component;ILjava/awt/event/MouseEvent;)V (372 bytes) @ 0x0000000002f70c64 [0x0000000002f6e3e0+0x2884]
J 605 C1 java.awt.LightweightDispatcher.processMouseEvent(Ljava/awt/event/MouseEvent;)Z (286 bytes) @ 0x0000000002fa2e6c [0x0000000002fa1740+0x172c]
J 650 C1 java.awt.LightweightDispatcher.dispatchEvent(Ljava/awt/AWTEvent;)Z (73 bytes) @ 0x0000000002fc9dbc [0x0000000002fc9980+0x43c]
J 512 C1 java.awt.Container.dispatchEventImpl(Ljava/awt/AWTEvent;)V (129 bytes) @ 0x0000000002f3f1a4 [0x0000000002f3f0c0+0xe4]
J 673 C1 java.awt.Window.dispatchEventImpl(Ljava/awt/AWTEvent;)V (23 bytes) @ 0x0000000002fe26a4 [0x0000000002fe20c0+0x5e4]
J 552 C1 java.awt.EventQueue.dispatchEventImpl(Ljava/awt/AWTEvent;Ljava/lang/Object;)V (149 bytes) @ 0x0000000002f5953c [0x0000000002f57d00+0x183c]
J 550 C1 java.awt.EventQueue$3.run()Ljava/lang/Void; (60 bytes) @ 0x0000000002f5710c [0x0000000002f56f00+0x20c]
J 549 C1 java.awt.EventQueue$3.run()Ljava/lang/Object; (5 bytes) @ 0x0000000002f4f0cc [0x0000000002f4f040+0x8c]
v  ~StubRoutines::call_stub
J 483  java.security.AccessController.doPrivileged(Ljava/security/PrivilegedAction;Ljava/security/AccessControlContext;)Ljava/lang/Object; (0 bytes) @ 0x0000000002f2daa6 [0x0000000002f2da40+0x66]
J 589 C1 java.awt.EventQueue$4.run()Ljava/lang/Object; (5 bytes) @ 0x0000000002f7506c [0x0000000002f74c40+0x42c]
v  ~StubRoutines::call_stub
J 483  java.security.AccessController.doPrivileged(Ljava/security/PrivilegedAction;Ljava/security/AccessControlContext;)Ljava/lang/Object; (0 bytes) @ 0x0000000002f2daa6 [0x0000000002f2da40+0x66]
J 506 C1 java.awt.EventQueue.dispatchEvent(Ljava/awt/AWTEvent;)V (80 bytes) @ 0x0000000002f3a3fc [0x0000000002f39580+0xe7c]
J 508 C1 java.awt.EventDispatchThread.pumpOneEventForFilters(I)V (190 bytes) @ 0x0000000002f3c6cc [0x0000000002f3b580+0x114c]
j  java.awt.EventDispatchThread.pumpEventsForFilter(ILjava/awt/Conditional;Ljava/awt/EventFilter;)V+35
j  java.awt.EventDispatchThread.pumpEventsForHierarchy(ILjava/awt/Conditional;Ljava/awt/Component;)V+11
j  java.awt.EventDispatchThread.pumpEvents(ILjava/awt/Conditional;)V+4
j  java.awt.EventDispatchThread.pumpEvents(Ljava/awt/Conditional;)V+3
j  java.awt.EventDispatchThread.run()V+9
v  ~StubRoutines::call_stub

---------------  P R O C E S S  ---------------

Java Threads: ( => current thread )
  0x0000000002c32800 JavaThread "DestroyJavaVM" [_thread_blocked, id=11692, stack(0x0000000002b30000,0x0000000002c30000)]
=>0x000000001a255800 JavaThread "AWT-EventQueue-0" [_thread_in_native, id=9272, stack(0x000000001bba0000,0x000000001bca0000)]
  0x000000001a1db000 JavaThread "AWT-Windows" daemon [_thread_in_native, id=420, stack(0x000000001ac10000,0x000000001ad10000)]
  0x000000001a1d8000 JavaThread "AWT-Shutdown" [_thread_blocked, id=10828, stack(0x000000001ab10000,0x000000001ac10000)]
  0x000000001a1d6800 JavaThread "Java2D Disposer" daemon [_thread_blocked, id=10108, stack(0x000000001aa10000,0x000000001ab10000)]
  0x0000000017a5e000 JavaThread "Service Thread" daemon [_thread_blocked, id=12236, stack(0x0000000019df0000,0x0000000019ef0000)]
  0x0000000017a54000 JavaThread "C1 CompilerThread2" daemon [_thread_blocked, id=9600, stack(0x00000000198f0000,0x00000000199f0000)]
  0x0000000017a52800 JavaThread "C2 CompilerThread1" daemon [_thread_blocked, id=8312, stack(0x00000000197f0000,0x00000000198f0000)]
  0x0000000017a50800 JavaThread "C2 CompilerThread0" daemon [_thread_blocked, id=11512, stack(0x00000000196f0000,0x00000000197f0000)]
  0x0000000017a4c000 JavaThread "Attach Listener" daemon [_thread_blocked, id=11844, stack(0x00000000195f0000,0x00000000196f0000)]
  0x0000000017a4a000 JavaThread "Signal Dispatcher" daemon [_thread_blocked, id=8380, stack(0x00000000194f0000,0x00000000195f0000)]
  0x0000000002d2d800 JavaThread "Finalizer" daemon [_thread_blocked, id=10272, stack(0x00000000192d0000,0x00000000193d0000)]
  0x0000000017a2c000 JavaThread "Reference Handler" daemon [_thread_blocked, id=3596, stack(0x00000000191d0000,0x00000000192d0000)]

Other Threads:
  0x0000000017a07800 VMThread [stack: 0x00000000190d0000,0x00000000191d0000] [id=2892]
  0x0000000019a7c800 WatcherThread [stack: 0x000000001a060000,0x000000001a160000] [id=6320]

VM state:not at safepoint (normal execution)

VM Mutex/Monitor currently owned by a thread: None

heap address: 0x0000000082200000, size: 2014 MB, Compressed Oops mode: 32-bit
Narrow klass base: 0x0000000000000000, Narrow klass shift: 3
Compressed class space size: 1073741824 Address: 0x0000000100000000

Heap:
 PSYoungGen      total 37888K, used 7873K [0x00000000d6100000, 0x00000000d8b00000, 0x0000000100000000)
  eden space 32768K, 24% used [0x00000000d6100000,0x00000000d68b0538,0x00000000d8100000)
  from space 5120K, 0% used [0x00000000d8600000,0x00000000d8600000,0x00000000d8b00000)
  to   space 5120K, 0% used [0x00000000d8100000,0x00000000d8100000,0x00000000d8600000)
 ParOldGen       total 86016K, used 0K [0x0000000082200000, 0x0000000087600000, 0x00000000d6100000)
  object space 86016K, 0% used [0x0000000082200000,0x0000000082200000,0x0000000087600000)
 Metaspace       used 10827K, capacity 11032K, committed 11264K, reserved 1058816K
  class space    used 1341K, capacity 1416K, committed 1536K, reserved 1048576K

Card table byte_map: [0x00000000120f0000,0x00000000124e0000] byte_map_base: 0x0000000011cdf000

Marking Bits: (ParMarkBitMap*) 0x000000005707be30
 Begin Bits: [0x0000000012d80000, 0x0000000014cf8000)
 End Bits:   [0x0000000014cf8000, 0x0000000016c70000)

Polling page: 0x00000000013b0000

CodeCache: size=245760Kb used=2768Kb max_used=2768Kb free=242991Kb
 bounds [0x0000000002d30000, 0x0000000002ff0000, 0x0000000011d30000]
 total_blobs=1154 nmethods=685 adapters=382
 compilation: enabled

Compilation events (10 events):
Event: 2.370 Thread 0x0000000017a54000  682       3       sun.awt.SunHints$Value::hashCode (5 bytes)
Event: 2.370 Thread 0x0000000017a54000 nmethod 682 0x0000000002fe03d0 code [0x0000000002fe0540, 0x0000000002fe06c8]
Event: 2.370 Thread 0x0000000017a54000  680       3       javax.swing.RepaintManager::currentManager (37 bytes)
Event: 2.371 Thread 0x0000000017a54000 nmethod 680 0x0000000002fdfc90 code [0x0000000002fdfe20, 0x0000000002fe02a8]
Event: 2.371 Thread 0x0000000017a54000  683       1       sun.font.FontDesignMetrics$MetricsKey::hashCode (5 bytes)
Event: 2.371 Thread 0x0000000017a54000 nmethod 683 0x0000000002fe2a10 code [0x0000000002fe2b60, 0x0000000002fe2c70]
Event: 2.445 Thread 0x0000000017a54000  685       3       sun.java2d.SurfaceData::markDirty (8 bytes)
Event: 2.445 Thread 0x0000000017a54000 nmethod 685 0x0000000002fe2cd0 code [0x0000000002fe2e40, 0x0000000002fe3090]
Event: 2.445 Thread 0x0000000017a54000  684       3       java.awt.font.FontRenderContext::equals (127 bytes)
Event: 2.446 Thread 0x0000000017a54000 nmethod 684 0x0000000002fe3150 code [0x0000000002fe3400, 0x0000000002fe4718]

GC Heap History (0 events):
No events

Deoptimization events (2 events):
Event: 0.167 Thread 0x0000000002c32800 Uncommon trap: reason=null_check action=make_not_entrant pc=0x0000000002e9c620 method=java.lang.String.equals(Ljava/lang/Object;)Z @ 8
Event: 0.688 Thread 0x000000001a255800 Uncommon trap: reason=unstable_if action=reinterpret pc=0x0000000002f37130 method=java.awt.Component.inside(II)Z @ 21

Classes redefined (0 events):
No events

Internal exceptions (10 events):
Event: 0.056 Thread 0x0000000002c32800 Exception <a 'java/io/FileNotFoundException'> (0x00000000d61587c0) thrown at [C:\ade\jenkins\workspace\8-2-build-windows-amd64-cygwin\jdk8u241\331\hotspot\src\share\vm\prims\jni.cpp, line 710]
Event: 0.082 Thread 0x0000000002c32800 Exception <a 'java/security/PrivilegedActionException'> (0x00000000d6194b90) thrown at [C:\ade\jenkins\workspace\8-2-build-windows-amd64-cygwin\jdk8u241\331\hotspot\src\share\vm\prims\jvm.cpp, line 1502]
Event: 0.082 Thread 0x0000000002c32800 Exception <a 'java/security/PrivilegedActionException'> (0x00000000d6194da0) thrown at [C:\ade\jenkins\workspace\8-2-build-windows-amd64-cygwin\jdk8u241\331\hotspot\src\share\vm\prims\jvm.cpp, line 1502]
Event: 0.083 Thread 0x0000000002c32800 Exception <a 'java/security/PrivilegedActionException'> (0x00000000d6198cb0) thrown at [C:\ade\jenkins\workspace\8-2-build-windows-amd64-cygwin\jdk8u241\331\hotspot\src\share\vm\prims\jvm.cpp, line 1502]
Event: 0.083 Thread 0x0000000002c32800 Exception <a 'java/security/PrivilegedActionException'> (0x00000000d6198ec0) thrown at [C:\ade\jenkins\workspace\8-2-build-windows-amd64-cygwin\jdk8u241\331\hotspot\src\share\vm\prims\jvm.cpp, line 1502]
Event: 0.087 Thread 0x0000000002c32800 Exception <a 'java/io/FileNotFoundException'> (0x00000000d619ed48) thrown at [C:\ade\jenkins\workspace\8-2-build-windows-amd64-cygwin\jdk8u241\331\hotspot\src\share\vm\prims\jni.cpp, line 710]
Event: 0.110 Thread 0x0000000002c32800 Exception <a 'java/lang/NoSuchFieldError': method resolution failed> (0x00000000d6313290) thrown at [C:\ade\jenkins\workspace\8-2-build-windows-amd64-cygwin\jdk8u241\331\hotspot\src\share\vm\prims\methodHandles.cpp, line 1167]
Event: 0.111 Thread 0x0000000002c32800 Exception <a 'java/lang/NoSuchFieldError': method resolution failed> (0x00000000d63205e0) thrown at [C:\ade\jenkins\workspace\8-2-build-windows-amd64-cygwin\jdk8u241\331\hotspot\src\share\vm\prims\methodHandles.cpp, line 1167]
Event: 0.140 Thread 0x0000000002c32800 Exception <a 'java/io/FileNotFoundException'> (0x00000000d63bc620) thrown at [C:\ade\jenkins\workspace\8-2-build-windows-amd64-cygwin\jdk8u241\331\hotspot\src\share\vm\prims\jni.cpp, line 710]
Event: 0.167 Thread 0x0000000002c32800 Implicit null exception at 0x0000000002e9c462 to 0x0000000002e9c611

Events (10 events):
Event: 0.542 loading class sun/reflect/UnsafeBooleanFieldAccessorImpl done
Event: 0.688 Thread 0x000000001a255800 Uncommon trap: trap_request=0xffffff65 fr.pc=0x0000000002f37130
Event: 0.688 Thread 0x000000001a255800 DEOPT PACKING pc=0x0000000002f37130 sp=0x000000001bc9ddf0
Event: 0.688 Thread 0x000000001a255800 DEOPT UNPACKING pc=0x0000000002d7583b sp=0x000000001bc9dca0 mode 2
Event: 1.056 loading class javax/accessibility/AccessibleState
Event: 1.056 loading class javax/accessibility/AccessibleBundle
Event: 1.056 loading class javax/accessibility/AccessibleBundle done
Event: 1.056 loading class javax/accessibility/AccessibleState done
Event: 1.056 loading class javax/swing/RepaintManager$3
Event: 1.056 loading class javax/swing/RepaintManager$3 done


Dynamic libraries:
0x00007ff63ff30000 - 0x00007ff63ff67000 	C:\Program Files\Java\jdk1.8.0_241\bin\java.exe
0x00007ffb70e60000 - 0x00007ffb71050000 	C:\Windows\SYSTEM32\ntdll.dll
0x00007ffb44f90000 - 0x00007ffb44fa2000 	C:\Program Files\AVG\Antivirus\aswhook.dll
0x00007ffb709a0000 - 0x00007ffb70a52000 	C:\Windows\System32\KERNEL32.DLL
0x00007ffb6e1f0000 - 0x00007ffb6e494000 	C:\Windows\System32\KERNELBASE.dll
0x00007ffb6ef10000 - 0x00007ffb6efb3000 	C:\Windows\System32\ADVAPI32.dll
0x00007ffb70a90000 - 0x00007ffb70b2e000 	C:\Windows\System32\msvcrt.dll
0x00007ffb700a0000 - 0x00007ffb70137000 	C:\Windows\System32\sechost.dll
0x00007ffb70d00000 - 0x00007ffb70e20000 	C:\Windows\System32\RPCRT4.dll
0x00007ffb6f440000 - 0x00007ffb6f5d5000 	C:\Windows\System32\USER32.dll
0x00007ffb6eee0000 - 0x00007ffb6ef01000 	C:\Windows\System32\win32u.dll
0x00007ffb70a60000 - 0x00007ffb70a86000 	C:\Windows\System32\GDI32.dll
0x00007ffb6e4f0000 - 0x00007ffb6e686000 	C:\Windows\System32\gdi32full.dll
0x00007ffb6e6b0000 - 0x00007ffb6e74e000 	C:\Windows\System32\msvcp_win.dll
0x00007ffb6e040000 - 0x00007ffb6e13a000 	C:\Windows\System32\ucrtbase.dll
0x00007ffb5c020000 - 0x00007ffb5c2a4000 	C:\Windows\WinSxS\amd64_microsoft.windows.common-controls_6595b64144ccf1df_6.0.18362.1016_none_9e7a36bbe461dae4\COMCTL32.dll
0x00007ffb6efc0000 - 0x00007ffb6f2f5000 	C:\Windows\System32\combase.dll
0x00007ffb6e170000 - 0x00007ffb6e1f0000 	C:\Windows\System32\bcryptPrimitives.dll
0x00007ffb70c20000 - 0x00007ffb70c4e000 	C:\Windows\System32\IMM32.DLL
0x0000000056770000 - 0x0000000056842000 	C:\Program Files\Java\jdk1.8.0_241\jre\bin\msvcr100.dll
0x0000000056850000 - 0x00000000570fc000 	C:\Program Files\Java\jdk1.8.0_241\jre\bin\server\jvm.dll
0x00007ffb70bb0000 - 0x00007ffb70bb8000 	C:\Windows\System32\PSAPI.DLL
0x00007ffb58d20000 - 0x00007ffb58d29000 	C:\Windows\SYSTEM32\WSOCK32.dll
0x00007ffb70020000 - 0x00007ffb7008f000 	C:\Windows\System32\WS2_32.dll
0x00007ffb6b2c0000 - 0x00007ffb6b2e4000 	C:\Windows\SYSTEM32\WINMM.dll
0x00007ffb66090000 - 0x00007ffb6609a000 	C:\Windows\SYSTEM32\VERSION.dll
0x00007ffb6abd0000 - 0x00007ffb6abfd000 	C:\Windows\SYSTEM32\WINMMBASE.dll
0x00007ffb6e4a0000 - 0x00007ffb6e4ea000 	C:\Windows\System32\cfgmgr32.dll
0x00007ffb6a2f0000 - 0x00007ffb6a2ff000 	C:\Program Files\Java\jdk1.8.0_241\jre\bin\verify.dll
0x00007ffb683f0000 - 0x00007ffb68419000 	C:\Program Files\Java\jdk1.8.0_241\jre\bin\java.dll
0x00007ffb64340000 - 0x00007ffb64356000 	C:\Program Files\Java\jdk1.8.0_241\jre\bin\zip.dll
0x00007ffb6f870000 - 0x00007ffb6ff57000 	C:\Windows\System32\SHELL32.dll
0x00007ffb6f660000 - 0x00007ffb6f709000 	C:\Windows\System32\shcore.dll
0x00007ffb6e750000 - 0x00007ffb6eed2000 	C:\Windows\System32\windows.storage.dll
0x00007ffb6ddb0000 - 0x00007ffb6ddd3000 	C:\Windows\System32\profapi.dll
0x00007ffb6dd60000 - 0x00007ffb6ddaa000 	C:\Windows\System32\powrprof.dll
0x00007ffb6dd10000 - 0x00007ffb6dd20000 	C:\Windows\System32\UMPDC.dll
0x00007ffb70bc0000 - 0x00007ffb70c12000 	C:\Windows\System32\shlwapi.dll
0x00007ffb6dd40000 - 0x00007ffb6dd51000 	C:\Windows\System32\kernel.appcore.dll
0x00007ffb6e690000 - 0x00007ffb6e6a7000 	C:\Windows\System32\cryptsp.dll
0x00007ffb495f0000 - 0x00007ffb4978a000 	C:\Program Files\Java\jdk1.8.0_241\jre\bin\awt.dll
0x00007ffb70140000 - 0x00007ffb70205000 	C:\Windows\System32\OLEAUT32.dll
0x00007ffb6bb30000 - 0x00007ffb6bbbf000 	C:\Windows\SYSTEM32\apphelp.dll
0x00007ffb6bdd0000 - 0x00007ffb6bdfd000 	C:\Windows\system32\DWMAPI.DLL
0x00007ffb6bce0000 - 0x00007ffb6bd79000 	C:\Windows\system32\uxtheme.dll
0x00007ffb3ad90000 - 0x00007ffb3aee6000 	C:\Windows\system32\opengl32.dll
0x00007ffb3ac00000 - 0x00007ffb3ac2c000 	C:\Windows\SYSTEM32\GLU32.dll
0x00007ffb6c930000 - 0x00007ffb6c950000 	C:\Windows\SYSTEM32\dxcore.dll
0x00007ffb6f300000 - 0x00007ffb6f435000 	C:\Windows\System32\MSCTF.dll
0x00007ffb6f710000 - 0x00007ffb6f867000 	C:\Windows\System32\ole32.dll
0x00007ffb57d50000 - 0x00007ffb57d99000 	C:\Program Files\Java\jdk1.8.0_241\jre\bin\fontmanager.dll
0x00007ffb70c50000 - 0x00007ffb70cf2000 	C:\Windows\System32\clbcatq.dll
0x00007ffb69790000 - 0x00007ffb6993f000 	C:\Windows\SYSTEM32\WindowsCodecs.dll
0x00007ffb403b0000 - 0x00007ffb403ea000 	C:\Windows\system32\dataexchange.dll
0x00007ffb6b060000 - 0x00007ffb6b2bb000 	C:\Windows\system32\d3d11.dll
0x00007ffb6b2f0000 - 0x00007ffb6b4cd000 	C:\Windows\system32\dcomp.dll
0x00007ffb6c9c0000 - 0x00007ffb6caab000 	C:\Windows\system32\dxgi.dll
0x00007ffb6be00000 - 0x00007ffb6c062000 	C:\Windows\system32\twinapi.appcore.dll
0x00007ffb6c2f0000 - 0x00007ffb6c319000 	C:\Windows\system32\RMCLIENT.dll
0x00007ffb64320000 - 0x00007ffb6433a000 	C:\Program Files\Java\jdk1.8.0_241\jre\bin\net.dll
0x00007ffb6d520000 - 0x00007ffb6d587000 	C:\Windows\system32\mswsock.dll
0x00007ffb64300000 - 0x00007ffb64312000 	C:\Program Files\Java\jdk1.8.0_241\jre\bin\nio.dll
0x00007ffb57d00000 - 0x00007ffb57d42000 	C:\Program Files\Java\jdk1.8.0_241\jre\bin\t2k.dll
0x00007ffb0a290000 - 0x00007ffb0a3ff000 	C:\Users\Usuario\Documents\NetBeansProjects\ClipsApp\CLIPSJNI.dll
0x00007ffb5b800000 - 0x00007ffb5b89e000 	C:\Windows\System32\TextInputFramework.dll
0x00007ffb69b90000 - 0x00007ffb69eba000 	C:\Windows\System32\CoreUIComponents.dll
0x00007ffb6b910000 - 0x00007ffb6b9e4000 	C:\Windows\System32\CoreMessaging.dll
0x00007ffb6cd20000 - 0x00007ffb6cd51000 	C:\Windows\SYSTEM32\ntmarta.dll
0x00007ffb69950000 - 0x00007ffb69aa3000 	C:\Windows\SYSTEM32\wintypes.dll
0x00007ffb5a2d0000 - 0x00007ffb5a576000 	C:\Windows\System32\iertutil.dll
0x00007ffb617a0000 - 0x00007ffb61994000 	C:\Windows\SYSTEM32\dbghelp.dll

VM Arguments:
jvm_args: -Dfile.encoding=UTF-8 
java_command: clipsapp.ClipsApp
java_class_path (initial): C:\Users\Usuario\Documents\NetBeansProjects\ClipsApp\CLIPSJNI.jar;C:\Program Files\NetBeans 8.2\java\modules\ext\AbsoluteLayout.jar;C:\Users\Usuario\Documents\NetBeansProjects\ClipsApp\jpl.jar;C:\Users\Usuario\Documents\NetBeansProjects\ClipsApp\build\classes
Launcher Type: SUN_STANDARD

Environment Variables:
CLASSPATH=.;D:\LINGO64_18\Lingo18.jar;C:\Program Files (x86)\QuickTime\QTSystem\QTJava.zip
PATH=C:\Program Files (x86)\Common Files\Intel\Shared Files\cpp\bin\Intel64;C:\Program Files (x86)\Common Files\Oracle\Java\javapath;C:\Windows\system32;C:\Windows;C:\Windows\System32\Wbem;C:\Windows\System32\WindowsPowerShell\v1.0\;C:\Windows\System32\OpenSSH\;C:\Program Files\Microsoft SQL Server\Client SDK\ODBC\170\Tools\Binn\;C:\Program Files (x86)\Microsoft SQL Server\150\Tools\Binn\;C:\Program Files\Microsoft SQL Server\150\Tools\Binn\;C:\Program Files\Microsoft SQL Server\150\DTS\Binn\;C:\Program Files (x86)\Microsoft SQL Server\150\DTS\Binn\;C:\Program Files\Microsoft SQL Server\130\Tools\Binn\;D:\LINGO64_18\;C:\Program Files (x86)\QuickTime\QTSystem\;C:\Program Files (x86)\Microsoft SQL Server\120\Tools\Binn\ManagementStudio\;C:\Program Files (x86)\Microsoft SQL Server\120\Tools\Binn\;C:\Program Files (x86)\Microsoft Visual Studio 12.0\Common7\IDE\PrivateAssemblies\;C:\Program Files (x86)\Microsoft SQL Server\120\DTS\Binn\;C:\xampp\php;C:\ProgramData\ComposerSetup\bin;C:\Program Files\Git\cmd;C:\Program Files\nodejs\;C:\Program Files\dotnet\;C:\Program Files\Docker\Docker\resources\bin;C:\ProgramData\DockerDesktop\version-bin;C:\Program Files\Java\jdk1.8.0_241\bin;C:\Program Files\Java\jdk1.8.0_241\lib\tools.jar;C:\Program Files\Java\jdk1.8.0_241\jre\lib\rt.jar;C:\Program Files\swipl\bin;C:\Program Files\swipl\lib\jpl.jar;C:\Program Files\MySQL\MySQL Shell 8.0\bin\;C:\Users\Usuario\AppData\Local\Programs\Python\Python39\Scripts\;C:\Users\Usuario\AppData\Local\Programs\Python\Python39\;C:\Users\Usuario\AppData\Local\Microsoft\WindowsApps;C:\Users\Usuario\AppData\Roaming\Composer\vendor\bin;C:\Users\Usuario\AppData\Local\Programs\Microsoft VS Code\bin;C:\Users\Usuario\AppData\Roaming\npm;C:\Users\Usuario\.dotnet\tools
USERNAME=Usuario
OS=Windows_NT
PROCESSOR_IDENTIFIER=Intel64 Family 6 Model 158 Stepping 10, GenuineIntel



---------------  S Y S T E M  ---------------

OS: Windows 10.0 , 64 bit Build 18362 (10.0.18362.959)

CPU:total 6 (initial active 6) (6 cores per cpu, 1 threads per core) family 6 model 158 stepping 10, cmov, cx8, fxsr, mmx, sse, sse2, sse3, ssse3, sse4.1, sse4.2, popcnt, avx, avx2, aes, clmul, erms, 3dnowpref, lzcnt, tsc, tscinvbit, bmi1, bmi2, adx

Memory: 4k page, physical 8248168k(2431228k free), swap 11656040k(4158836k free)

vm_info: Java HotSpot(TM) 64-Bit Server VM (25.241-b07) for windows-amd64 JRE (1.8.0_241-b07), built on Dec 11 2019 10:21:40 by "rejava" with MS VC++ 10.0 (VS2010)

time: Mon Dec 07 12:18:48 2020
timezone: Hora est. Pacífico, Sudamérica
elapsed time: 3 seconds (0d 0h 0m 3s)

